<?xml version="1.0" encoding="UTF-8"?>
<!-- Generated by org.testng.reporters.JUnitXMLReporter -->
<testsuite hostname="DESKTOP-RIGKATV" ignored="0" name="Test" tests="6" failures="0" timestamp="06 Apr 2022 14:21:23 GMT" time="0.295" errors="0">
  <testcase name="tc1" time="0.055" classname="org.sample.a"/>
  <testcase name="tc3" time="0.055" classname="org.sample.b"/>
  <testcase name="tc4" time="0.005" classname="org.sample.b"/>
  <testcase name="tc2" time="0.01" classname="org.sample.a"/>
  <testcase name="tc5" time="0.02" classname="org.sample.b"/>
  <testcase name="tc3" time="0.024" classname="org.sample.a"/>
</testsuite> <!-- Test -->
